<?xml version="1.0" encoding="UTF-8"?>
<testng-results skipped="0" failed="0" ignored="0" total="1" passed="1">
  <reporter-output>
  </reporter-output>
  <suite name="Default suite" duration-ms="241123" started-at="2017-10-13T14:42:44Z" finished-at="2017-10-13T14:46:45Z">
    <groups>
    </groups>
    <test name="Default test" duration-ms="241123" started-at="2017-10-13T14:42:44Z" finished-at="2017-10-13T14:46:45Z">
      <class name="com.oms.Test.AppiumFacebookTest">
        <test-method status="PASS" signature="config()[pri:0, instance:com.oms.Test.AppiumFacebookTest@66a3ffec]" name="config" is-config="true" duration-ms="232649" started-at="2017-10-13T20:12:44Z" finished-at="2017-10-13T20:16:36Z">
          <reporter-output>
          </reporter-output>
        </test-method> <!-- config -->
        <test-method status="PASS" signature="navigateToApplication(java.lang.reflect.Method)[pri:0, instance:com.oms.Test.AppiumFacebookTest@66a3ffec]" name="navigateToApplication" is-config="true" duration-ms="3876" started-at="2017-10-13T20:16:36Z" finished-at="2017-10-13T20:16:40Z">
          <params>
            <param index="0">
              <value>
                <![CDATA[public void com.oms.Test.AppiumFacebookTest.addNewOwner() throws java.lang.Exception]]>
              </value>
            </param>
          </params>
          <reporter-output>
          </reporter-output>
        </test-method> <!-- navigateToApplication -->
        <test-method status="PASS" signature="addNewOwner()[pri:1, instance:com.oms.Test.AppiumFacebookTest@66a3ffec]" name="addNewOwner" duration-ms="4375" started-at="2017-10-13T20:16:40Z" finished-at="2017-10-13T20:16:45Z">
          <reporter-output>
          </reporter-output>
        </test-method> <!-- addNewOwner -->
        <test-method status="PASS" signature="finalcall()[pri:0, instance:com.oms.Test.AppiumFacebookTest@66a3ffec]" name="finalcall" is-config="true" duration-ms="209" started-at="2017-10-13T20:16:45Z" finished-at="2017-10-13T20:16:45Z">
          <reporter-output>
          </reporter-output>
        </test-method> <!-- finalcall -->
      </class> <!-- com.oms.Test.AppiumFacebookTest -->
    </test> <!-- Default test -->
  </suite> <!-- Default suite -->
</testng-results>
